
RAxML-NG v. 0.9.0 released on 20.05.2019 by The Exelixis Lab.
Developed by: Alexey M. Kozlov and Alexandros Stamatakis.
Contributors: Diego Darriba, Tomas Flouri, Benoit Morel, Sarah Lutteropp, Ben Bettisworth.
Latest version: https://github.com/amkozlov/raxml-ng
Questions/problems/suggestions? Please visit: https://groups.google.com/forum/#!forum/raxml

RAxML-NG was called at 21-May-2020 13:22:02 as follows:

raxml-ng --evaluate --msa cydrasil-v2W-F-masked-alignment.phy --tree mscomplex-w-wil-final-5-20-2020.newick --prefix info --model GTR+G

Analysis options:
  run mode: Evaluate tree likelihood
  start tree(s): user
  random seed: 1590092522
  tip-inner: OFF
  pattern compression: ON
  per-rate scalers: OFF
  site repeats: ON
  branch lengths: proportional (ML estimate, algorithm: NR-FAST)
  SIMD kernels: AVX2
  parallelization: PTHREADS (4 threads), thread pinning: OFF

[00:00:00] Reading alignment from file: cydrasil-v2W-F-masked-alignment.phy
[00:00:00] Loaded alignment with 1482 taxa and 1461 sites

Alignment comprises 1 partitions and 1363 patterns

Partition 0: noname
Model: GTR+FO+G4m
Alignment sites / patterns: 1461 / 1363
Gaps: 6.08 %
Invariant sites: 14.65 %


NOTE: Binary MSA file created: info.raxml.rba

[00:00:00] Loading user starting tree(s) from: mscomplex-w-wil-final-5-20-2020.newick
[00:00:00] Data distribution: max. partitions/sites/weight per thread: 1 / 341 / 5456

Evaluating 1 trees

[00:00:00] Tree #1, initial LogLikelihood: -135531.469901

[00:00:00 -135531.469901] Initial branch length optimization
[00:00:01 -134918.802142] Model parameter optimization (eps = 0.100000)

[00:00:12] Tree #1, final logLikelihood: -129351.387158


Optimized model parameters:

   Partition 0: noname
   Rate heterogeneity: GAMMA (4 cats, mean),  alpha: 0.487530 (ML),  weights&rates: (0.250000,0.031100) (0.250000,0.243697) (0.250000,0.810979) (0.250000,2.914223) 
   Base frequencies (ML): 0.252393 0.218421 0.284476 0.244710 
   Substitution rates (ML): 1.009409 2.701071 1.181464 0.667600 3.275778 1.000000 


Final LogLikelihood: -129351.387158

AIC score: 264642.774316 / AICc score: 17912382.774316 / BIC score: 280344.797259
Free parameters (model + branch lengths): 2970

WARNING: Number of free parameters (K=2970) is larger than alignment size (n=1461).
         This might lead to overfitting and compromise tree inference results!


Best ML tree saved to: /mnt/c/Users/dwrou/Dropbox (ASU)/Cydrasil/v2-final-for-web-app/cydrasil-v2-reference-files/info.raxml.bestTree
Optimized model saved to: /mnt/c/Users/dwrou/Dropbox (ASU)/Cydrasil/v2-final-for-web-app/cydrasil-v2-reference-files/info.raxml.bestModel

Execution log saved to: /mnt/c/Users/dwrou/Dropbox (ASU)/Cydrasil/v2-final-for-web-app/cydrasil-v2-reference-files/info.raxml.log

Analysis started: 21-May-2020 13:22:02 / finished: 21-May-2020 13:22:14

Elapsed time: 12.435 seconds

