# ssu-align :: align SSU rRNA sequences
# SSU-ALIGN 0.1.1 (Feb 2016)
# Copyright (C) 2016 Howard Hughes Medical Institute
# Freely distributed under the BSD open source license.
# - - - - - - - - - - - - - - - - - - - - - - - - - - - - - - - - - - - -
# command: ssu-align cydrasil-3-ssu-align/cydrasil-v3-sequence-list.fasta.1 cydrasil-3-ssu-align/cydrasil-3-ssu-align.1
# date:    Fri May 28 22:04:57 2021

Printing global hask key as read from ssu.pm:

Global hash key: DF_ALIMASK_PFRACT    value: 0.95
Global hash key: DF_ALIMASK_PTHRESH   value: 0.95
Global hash key: DF_CMALIGN_OPTS      value:  --no-null3 --sub 
Global hash key: DF_CMBUILD_GAPTHRESH value: 0.8
Global hash key: DF_CMSEARCH_ALG_FLAG value:  --viterbi
Global hash key: DF_CMSEARCH_OPTS     value:  --hmm-cW 1.5 --no-null3 --noalign 
Global hash key: DF_CMSEARCH_T        value: -1
Global hash key: DF_CM_FILE           value: /usr/local/share/ssu-align-0.1.1/ssu-align-0p1.cm
Global hash key: DF_MASK_FILE         value: /usr/local/share/ssu-align-0.1.1/ssu-align-0p1.mask
Global hash key: DF_MERGE_INIT_WAIT_SECS value: 3
Global hash key: DF_MINBIT            value: 50
Global hash key: DF_MINLEN            value: 1
Global hash key: DF_MXSIZE            value: 4096
Global hash key: DF_NO_NAME           value: <NONE>
Global hash key: DF_TEMPLATE_FILE     value: /usr/local/share/ssu-align-0.1.1/ssu-align-0p1.ps
Global hash key: VERSION              value: 0.1
Global hash key: VERSION_PSTR         value: 0p1
Global hash key: cmalign              value: ssu-cmalign
Global hash key: cmbuild              value: ssu-cmbuild
Global hash key: cmsearch             value: ssu-cmsearch
Global hash key: esl-alimanip         value: ssu-esl-alimanip
Global hash key: esl-alimask          value: ssu-esl-alimask
Global hash key: esl-alimerge         value: ssu-esl-alimerge
Global hash key: esl-alistat          value: ssu-esl-alistat
Global hash key: esl-reformat         value: ssu-esl-reformat
Global hash key: esl-seqstat          value: ssu-esl-seqstat
Global hash key: esl-sfetch           value: ssu-esl-sfetch
Global hash key: esl-ssdraw           value: ssu-esl-ssdraw
Global hash key: esl-weight           value: ssu-esl-weight
Global hash key: ps2pdf               value: ps2pdf
Global hash key: ssu-align            value: ssu-align
Global hash key: ssu-merge            value: ssu-merge

Executing:      ssu-esl-seqstat -h > /dev/null  2> cydrasil-3-ssu-align/ssutmp0erraa3819
Returned:       0
Output (STDOUT) sent to /dev/null.
Output (STDERR): ***NONE***

About to remove file (cydrasil-3-ssu-align/ssutmp0erraa3819) with perl's unlink function ... done.

Executing:      ssu-cmsearch -h > /dev/null  2> cydrasil-3-ssu-align/ssutmp1erraa3819
Returned:       0
Output (STDOUT) sent to /dev/null.
Output (STDERR): ***NONE***

About to remove file (cydrasil-3-ssu-align/ssutmp1erraa3819) with perl's unlink function ... done.

Executing:      ssu-esl-sfetch -h > /dev/null  2> cydrasil-3-ssu-align/ssutmp2erraa3819
Returned:       0
Output (STDOUT) sent to /dev/null.
Output (STDERR): ***NONE***

About to remove file (cydrasil-3-ssu-align/ssutmp2erraa3819) with perl's unlink function ... done.

Executing:      ssu-esl-reformat -h > /dev/null  2> cydrasil-3-ssu-align/ssutmp3erraa3819
Returned:       0
Output (STDOUT) sent to /dev/null.
Output (STDERR): ***NONE***

About to remove file (cydrasil-3-ssu-align/ssutmp3erraa3819) with perl's unlink function ... done.

Executing:      ssu-cmalign -h > /dev/null  2> cydrasil-3-ssu-align/ssutmp4erraa3819
Returned:       0
Output (STDOUT) sent to /dev/null.
Output (STDERR): ***NONE***

About to remove file (cydrasil-3-ssu-align/ssutmp4erraa3819) with perl's unlink function ... done.

Executing:      ssu-esl-seqstat --rna -a cydrasil-3-ssu-align/cydrasil-v3-sequence-list.fasta.1 > cydrasil-3-ssu-align/cydrasil-3-ssu-align.1/cydrasil-3-ssu-align.1.seqstat  2> cydrasil-3-ssu-align/ssutmp5erraa3819
Returned:       0
Output (STDOUT) saved in file cydrasil-3-ssu-align/cydrasil-3-ssu-align.1/cydrasil-3-ssu-align.1.seqstat.
Output (STDERR): ***NONE***

About to remove file (cydrasil-3-ssu-align/ssutmp5erraa3819) with perl's unlink function ... done.

About to remove file (cydrasil-3-ssu-align/cydrasil-3-ssu-align.1/cydrasil-3-ssu-align.1.seqstat) with perl's unlink function ... done.

Executing:      ssu-cmsearch --hmm-cW 1.5 --no-null3 --noalign -T -1 --tab cydrasil-3-ssu-align/cydrasil-3-ssu-align.1/cydrasil-3-ssu-align.1.tab --viterbi /usr/local/share/ssu-align-0.1.1/ssu-align-0p1.cm cydrasil-3-ssu-align/cydrasil-v3-sequence-list.fasta.1 > cydrasil-3-ssu-align/cydrasil-3-ssu-align.1/cydrasil-3-ssu-align.1.cmsearch  2> cydrasil-3-ssu-align/ssutmp6erraa3819
Returned:       0
Output (STDOUT) saved in file cydrasil-3-ssu-align/cydrasil-3-ssu-align.1/cydrasil-3-ssu-align.1.cmsearch.
Output (STDERR): ***NONE***

About to remove file (cydrasil-3-ssu-align/ssutmp6erraa3819) with perl's unlink function ... done.

About to remove file (cydrasil-3-ssu-align/cydrasil-3-ssu-align.1/cydrasil-3-ssu-align.1.cmsearch) with perl's unlink function ... done.

Executing:      ssu-esl-sfetch --index cydrasil-3-ssu-align/cydrasil-v3-sequence-list.fasta.1 > cydrasil-3-ssu-align/ssutmp7outaa3819  2> cydrasil-3-ssu-align/ssutmp7erraa3819
Returned:       0
Output (STDOUT): 
Creating SSI index for cydrasil-3-ssu-align/cydrasil-v3-sequence-list.fasta.1...    done.
Indexed 218 sequences (218 names).
SSI index written to file cydrasil-3-ssu-align/cydrasil-v3-sequence-list.fasta.1.ssi

Output (STDERR): ***NONE***

About to remove file (cydrasil-3-ssu-align/ssutmp7outaa3819) with perl's unlink function ... done.

About to remove file (cydrasil-3-ssu-align/ssutmp7erraa3819) with perl's unlink function ... done.

Executing:      ssu-esl-sfetch -Cf cydrasil-3-ssu-align/cydrasil-v3-sequence-list.fasta.1 cydrasil-3-ssu-align/cydrasil-3-ssu-align.1/cydrasil-3-ssu-align.1.bacteria.sfetch | ssu-esl-reformat -o cydrasil-3-ssu-align/cydrasil-3-ssu-align.1/cydrasil-3-ssu-align.1.bacteria.fa --informat fasta -r fasta - > cydrasil-3-ssu-align/ssutmp8outaa3819  2> cydrasil-3-ssu-align/ssutmp8erraa3819
Returned:       0
Output (STDOUT): ***NONE***
Output (STDERR): ***NONE***

About to remove file (cydrasil-3-ssu-align/ssutmp8outaa3819) with perl's unlink function ... done.

About to remove file (cydrasil-3-ssu-align/ssutmp8erraa3819) with perl's unlink function ... done.

About to remove file (cydrasil-3-ssu-align/cydrasil-3-ssu-align.1/cydrasil-3-ssu-align.1.bacteria.sfetch) with perl's unlink function ... done.

Executing:      ssu-cmalign --cm-name bacteria --mxsize 4096 --no-null3 --sub --ifile cydrasil-3-ssu-align/cydrasil-3-ssu-align.1/cydrasil-3-ssu-align.1.bacteria.ifile -o cydrasil-3-ssu-align/cydrasil-3-ssu-align.1/cydrasil-3-ssu-align.1.bacteria.stk /usr/local/share/ssu-align-0.1.1/ssu-align-0p1.cm cydrasil-3-ssu-align/cydrasil-3-ssu-align.1/cydrasil-3-ssu-align.1.bacteria.fa > cydrasil-3-ssu-align/cydrasil-3-ssu-align.1/cydrasil-3-ssu-align.1.bacteria.cmalign  2> cydrasil-3-ssu-align/ssutmp9erraa3819
Returned:       0
Output (STDOUT) saved in file cydrasil-3-ssu-align/cydrasil-3-ssu-align.1/cydrasil-3-ssu-align.1.bacteria.cmalign.
Output (STDERR): ***NONE***

About to remove file (cydrasil-3-ssu-align/ssutmp9erraa3819) with perl's unlink function ... done.

About to remove file (cydrasil-3-ssu-align/cydrasil-3-ssu-align.1/cydrasil-3-ssu-align.1.nomatch) with perl's unlink function ... done.

About to remove file (cydrasil-3-ssu-align/cydrasil-v3-sequence-list.fasta.1.ssi) with perl's unlink function ... done.

Fri May 28 22:07:15 MST 2021
Linux Wednesday 4.19.84-microsoft-standard #1 SMP Wed Nov 13 11:44:37 UTC 2019 x86_64 x86_64 x86_64 GNU/Linux
# ssu-align :: align SSU rRNA sequences
# SSU-ALIGN 0.1.1 (Feb 2016)
# Copyright (C) 2016 Howard Hughes Medical Institute
# Freely distributed under the BSD open source license.
# - - - - - - - - - - - - - - - - - - - - - - - - - - - - - - - - - - - -
# command: ssu-align cydrasil-3-ssu-align/cydrasil-v3-sequence-list.fasta.2 cydrasil-3-ssu-align/cydrasil-3-ssu-align.2
# date:    Fri May 28 22:04:57 2021

Printing global hask key as read from ssu.pm:

Global hash key: DF_ALIMASK_PFRACT    value: 0.95
Global hash key: DF_ALIMASK_PTHRESH   value: 0.95
Global hash key: DF_CMALIGN_OPTS      value:  --no-null3 --sub 
Global hash key: DF_CMBUILD_GAPTHRESH value: 0.8
Global hash key: DF_CMSEARCH_ALG_FLAG value:  --viterbi
Global hash key: DF_CMSEARCH_OPTS     value:  --hmm-cW 1.5 --no-null3 --noalign 
Global hash key: DF_CMSEARCH_T        value: -1
Global hash key: DF_CM_FILE           value: /usr/local/share/ssu-align-0.1.1/ssu-align-0p1.cm
Global hash key: DF_MASK_FILE         value: /usr/local/share/ssu-align-0.1.1/ssu-align-0p1.mask
Global hash key: DF_MERGE_INIT_WAIT_SECS value: 3
Global hash key: DF_MINBIT            value: 50
Global hash key: DF_MINLEN            value: 1
Global hash key: DF_MXSIZE            value: 4096
Global hash key: DF_NO_NAME           value: <NONE>
Global hash key: DF_TEMPLATE_FILE     value: /usr/local/share/ssu-align-0.1.1/ssu-align-0p1.ps
Global hash key: VERSION              value: 0.1
Global hash key: VERSION_PSTR         value: 0p1
Global hash key: cmalign              value: ssu-cmalign
Global hash key: cmbuild              value: ssu-cmbuild
Global hash key: cmsearch             value: ssu-cmsearch
Global hash key: esl-alimanip         value: ssu-esl-alimanip
Global hash key: esl-alimask          value: ssu-esl-alimask
Global hash key: esl-alimerge         value: ssu-esl-alimerge
Global hash key: esl-alistat          value: ssu-esl-alistat
Global hash key: esl-reformat         value: ssu-esl-reformat
Global hash key: esl-seqstat          value: ssu-esl-seqstat
Global hash key: esl-sfetch           value: ssu-esl-sfetch
Global hash key: esl-ssdraw           value: ssu-esl-ssdraw
Global hash key: esl-weight           value: ssu-esl-weight
Global hash key: ps2pdf               value: ps2pdf
Global hash key: ssu-align            value: ssu-align
Global hash key: ssu-merge            value: ssu-merge

Executing:      ssu-esl-seqstat -h > /dev/null  2> cydrasil-3-ssu-align/ssutmp0erraa3820
Returned:       0
Output (STDOUT) sent to /dev/null.
Output (STDERR): ***NONE***

About to remove file (cydrasil-3-ssu-align/ssutmp0erraa3820) with perl's unlink function ... done.

Executing:      ssu-cmsearch -h > /dev/null  2> cydrasil-3-ssu-align/ssutmp1erraa3820
Returned:       0
Output (STDOUT) sent to /dev/null.
Output (STDERR): ***NONE***

About to remove file (cydrasil-3-ssu-align/ssutmp1erraa3820) with perl's unlink function ... done.

Executing:      ssu-esl-sfetch -h > /dev/null  2> cydrasil-3-ssu-align/ssutmp2erraa3820
Returned:       0
Output (STDOUT) sent to /dev/null.
Output (STDERR): ***NONE***

About to remove file (cydrasil-3-ssu-align/ssutmp2erraa3820) with perl's unlink function ... done.

Executing:      ssu-esl-reformat -h > /dev/null  2> cydrasil-3-ssu-align/ssutmp3erraa3820
Returned:       0
Output (STDOUT) sent to /dev/null.
Output (STDERR): ***NONE***

About to remove file (cydrasil-3-ssu-align/ssutmp3erraa3820) with perl's unlink function ... done.

Executing:      ssu-cmalign -h > /dev/null  2> cydrasil-3-ssu-align/ssutmp4erraa3820
Returned:       0
Output (STDOUT) sent to /dev/null.
Output (STDERR): ***NONE***

About to remove file (cydrasil-3-ssu-align/ssutmp4erraa3820) with perl's unlink function ... done.

Executing:      ssu-esl-seqstat --rna -a cydrasil-3-ssu-align/cydrasil-v3-sequence-list.fasta.2 > cydrasil-3-ssu-align/cydrasil-3-ssu-align.2/cydrasil-3-ssu-align.2.seqstat  2> cydrasil-3-ssu-align/ssutmp5erraa3820
Returned:       0
Output (STDOUT) saved in file cydrasil-3-ssu-align/cydrasil-3-ssu-align.2/cydrasil-3-ssu-align.2.seqstat.
Output (STDERR): ***NONE***

About to remove file (cydrasil-3-ssu-align/ssutmp5erraa3820) with perl's unlink function ... done.

About to remove file (cydrasil-3-ssu-align/cydrasil-3-ssu-align.2/cydrasil-3-ssu-align.2.seqstat) with perl's unlink function ... done.

Executing:      ssu-cmsearch --hmm-cW 1.5 --no-null3 --noalign -T -1 --tab cydrasil-3-ssu-align/cydrasil-3-ssu-align.2/cydrasil-3-ssu-align.2.tab --viterbi /usr/local/share/ssu-align-0.1.1/ssu-align-0p1.cm cydrasil-3-ssu-align/cydrasil-v3-sequence-list.fasta.2 > cydrasil-3-ssu-align/cydrasil-3-ssu-align.2/cydrasil-3-ssu-align.2.cmsearch  2> cydrasil-3-ssu-align/ssutmp6erraa3820
Returned:       0
Output (STDOUT) saved in file cydrasil-3-ssu-align/cydrasil-3-ssu-align.2/cydrasil-3-ssu-align.2.cmsearch.
Output (STDERR): ***NONE***

About to remove file (cydrasil-3-ssu-align/ssutmp6erraa3820) with perl's unlink function ... done.

About to remove file (cydrasil-3-ssu-align/cydrasil-3-ssu-align.2/cydrasil-3-ssu-align.2.cmsearch) with perl's unlink function ... done.

Executing:      ssu-esl-sfetch --index cydrasil-3-ssu-align/cydrasil-v3-sequence-list.fasta.2 > cydrasil-3-ssu-align/ssutmp7outaa3820  2> cydrasil-3-ssu-align/ssutmp7erraa3820
Returned:       0
Output (STDOUT): 
Creating SSI index for cydrasil-3-ssu-align/cydrasil-v3-sequence-list.fasta.2...    done.
Indexed 221 sequences (221 names).
SSI index written to file cydrasil-3-ssu-align/cydrasil-v3-sequence-list.fasta.2.ssi

Output (STDERR): ***NONE***

About to remove file (cydrasil-3-ssu-align/ssutmp7outaa3820) with perl's unlink function ... done.

About to remove file (cydrasil-3-ssu-align/ssutmp7erraa3820) with perl's unlink function ... done.

Executing:      ssu-esl-sfetch -Cf cydrasil-3-ssu-align/cydrasil-v3-sequence-list.fasta.2 cydrasil-3-ssu-align/cydrasil-3-ssu-align.2/cydrasil-3-ssu-align.2.bacteria.sfetch | ssu-esl-reformat -o cydrasil-3-ssu-align/cydrasil-3-ssu-align.2/cydrasil-3-ssu-align.2.bacteria.fa --informat fasta -r fasta - > cydrasil-3-ssu-align/ssutmp8outaa3820  2> cydrasil-3-ssu-align/ssutmp8erraa3820
Returned:       0
Output (STDOUT): ***NONE***
Output (STDERR): ***NONE***

About to remove file (cydrasil-3-ssu-align/ssutmp8outaa3820) with perl's unlink function ... done.

About to remove file (cydrasil-3-ssu-align/ssutmp8erraa3820) with perl's unlink function ... done.

About to remove file (cydrasil-3-ssu-align/cydrasil-3-ssu-align.2/cydrasil-3-ssu-align.2.bacteria.sfetch) with perl's unlink function ... done.

Executing:      ssu-cmalign --cm-name bacteria --mxsize 4096 --no-null3 --sub --ifile cydrasil-3-ssu-align/cydrasil-3-ssu-align.2/cydrasil-3-ssu-align.2.bacteria.ifile -o cydrasil-3-ssu-align/cydrasil-3-ssu-align.2/cydrasil-3-ssu-align.2.bacteria.stk /usr/local/share/ssu-align-0.1.1/ssu-align-0p1.cm cydrasil-3-ssu-align/cydrasil-3-ssu-align.2/cydrasil-3-ssu-align.2.bacteria.fa > cydrasil-3-ssu-align/cydrasil-3-ssu-align.2/cydrasil-3-ssu-align.2.bacteria.cmalign  2> cydrasil-3-ssu-align/ssutmp9erraa3820
Returned:       0
Output (STDOUT) saved in file cydrasil-3-ssu-align/cydrasil-3-ssu-align.2/cydrasil-3-ssu-align.2.bacteria.cmalign.
Output (STDERR): ***NONE***

About to remove file (cydrasil-3-ssu-align/ssutmp9erraa3820) with perl's unlink function ... done.

About to remove file (cydrasil-3-ssu-align/cydrasil-3-ssu-align.2/cydrasil-3-ssu-align.2.nomatch) with perl's unlink function ... done.

About to remove file (cydrasil-3-ssu-align/cydrasil-v3-sequence-list.fasta.2.ssi) with perl's unlink function ... done.

Fri May 28 22:07:12 MST 2021
Linux Wednesday 4.19.84-microsoft-standard #1 SMP Wed Nov 13 11:44:37 UTC 2019 x86_64 x86_64 x86_64 GNU/Linux
# ssu-align :: align SSU rRNA sequences
# SSU-ALIGN 0.1.1 (Feb 2016)
# Copyright (C) 2016 Howard Hughes Medical Institute
# Freely distributed under the BSD open source license.
# - - - - - - - - - - - - - - - - - - - - - - - - - - - - - - - - - - - -
# command: ssu-align cydrasil-3-ssu-align/cydrasil-v3-sequence-list.fasta.3 cydrasil-3-ssu-align/cydrasil-3-ssu-align.3
# date:    Fri May 28 22:04:57 2021

Printing global hask key as read from ssu.pm:

Global hash key: DF_ALIMASK_PFRACT    value: 0.95
Global hash key: DF_ALIMASK_PTHRESH   value: 0.95
Global hash key: DF_CMALIGN_OPTS      value:  --no-null3 --sub 
Global hash key: DF_CMBUILD_GAPTHRESH value: 0.8
Global hash key: DF_CMSEARCH_ALG_FLAG value:  --viterbi
Global hash key: DF_CMSEARCH_OPTS     value:  --hmm-cW 1.5 --no-null3 --noalign 
Global hash key: DF_CMSEARCH_T        value: -1
Global hash key: DF_CM_FILE           value: /usr/local/share/ssu-align-0.1.1/ssu-align-0p1.cm
Global hash key: DF_MASK_FILE         value: /usr/local/share/ssu-align-0.1.1/ssu-align-0p1.mask
Global hash key: DF_MERGE_INIT_WAIT_SECS value: 3
Global hash key: DF_MINBIT            value: 50
Global hash key: DF_MINLEN            value: 1
Global hash key: DF_MXSIZE            value: 4096
Global hash key: DF_NO_NAME           value: <NONE>
Global hash key: DF_TEMPLATE_FILE     value: /usr/local/share/ssu-align-0.1.1/ssu-align-0p1.ps
Global hash key: VERSION              value: 0.1
Global hash key: VERSION_PSTR         value: 0p1
Global hash key: cmalign              value: ssu-cmalign
Global hash key: cmbuild              value: ssu-cmbuild
Global hash key: cmsearch             value: ssu-cmsearch
Global hash key: esl-alimanip         value: ssu-esl-alimanip
Global hash key: esl-alimask          value: ssu-esl-alimask
Global hash key: esl-alimerge         value: ssu-esl-alimerge
Global hash key: esl-alistat          value: ssu-esl-alistat
Global hash key: esl-reformat         value: ssu-esl-reformat
Global hash key: esl-seqstat          value: ssu-esl-seqstat
Global hash key: esl-sfetch           value: ssu-esl-sfetch
Global hash key: esl-ssdraw           value: ssu-esl-ssdraw
Global hash key: esl-weight           value: ssu-esl-weight
Global hash key: ps2pdf               value: ps2pdf
Global hash key: ssu-align            value: ssu-align
Global hash key: ssu-merge            value: ssu-merge

Executing:      ssu-esl-seqstat -h > /dev/null  2> cydrasil-3-ssu-align/ssutmp0erraa3821
Returned:       0
Output (STDOUT) sent to /dev/null.
Output (STDERR): ***NONE***

About to remove file (cydrasil-3-ssu-align/ssutmp0erraa3821) with perl's unlink function ... done.

Executing:      ssu-cmsearch -h > /dev/null  2> cydrasil-3-ssu-align/ssutmp1erraa3821
Returned:       0
Output (STDOUT) sent to /dev/null.
Output (STDERR): ***NONE***

About to remove file (cydrasil-3-ssu-align/ssutmp1erraa3821) with perl's unlink function ... done.

Executing:      ssu-esl-sfetch -h > /dev/null  2> cydrasil-3-ssu-align/ssutmp2erraa3821
Returned:       0
Output (STDOUT) sent to /dev/null.
Output (STDERR): ***NONE***

About to remove file (cydrasil-3-ssu-align/ssutmp2erraa3821) with perl's unlink function ... done.

Executing:      ssu-esl-reformat -h > /dev/null  2> cydrasil-3-ssu-align/ssutmp3erraa3821
Returned:       0
Output (STDOUT) sent to /dev/null.
Output (STDERR): ***NONE***

About to remove file (cydrasil-3-ssu-align/ssutmp3erraa3821) with perl's unlink function ... done.

Executing:      ssu-cmalign -h > /dev/null  2> cydrasil-3-ssu-align/ssutmp4erraa3821
Returned:       0
Output (STDOUT) sent to /dev/null.
Output (STDERR): ***NONE***

About to remove file (cydrasil-3-ssu-align/ssutmp4erraa3821) with perl's unlink function ... done.

Executing:      ssu-esl-seqstat --rna -a cydrasil-3-ssu-align/cydrasil-v3-sequence-list.fasta.3 > cydrasil-3-ssu-align/cydrasil-3-ssu-align.3/cydrasil-3-ssu-align.3.seqstat  2> cydrasil-3-ssu-align/ssutmp5erraa3821
Returned:       0
Output (STDOUT) saved in file cydrasil-3-ssu-align/cydrasil-3-ssu-align.3/cydrasil-3-ssu-align.3.seqstat.
Output (STDERR): ***NONE***

About to remove file (cydrasil-3-ssu-align/ssutmp5erraa3821) with perl's unlink function ... done.

About to remove file (cydrasil-3-ssu-align/cydrasil-3-ssu-align.3/cydrasil-3-ssu-align.3.seqstat) with perl's unlink function ... done.

Executing:      ssu-cmsearch --hmm-cW 1.5 --no-null3 --noalign -T -1 --tab cydrasil-3-ssu-align/cydrasil-3-ssu-align.3/cydrasil-3-ssu-align.3.tab --viterbi /usr/local/share/ssu-align-0.1.1/ssu-align-0p1.cm cydrasil-3-ssu-align/cydrasil-v3-sequence-list.fasta.3 > cydrasil-3-ssu-align/cydrasil-3-ssu-align.3/cydrasil-3-ssu-align.3.cmsearch  2> cydrasil-3-ssu-align/ssutmp6erraa3821
Returned:       0
Output (STDOUT) saved in file cydrasil-3-ssu-align/cydrasil-3-ssu-align.3/cydrasil-3-ssu-align.3.cmsearch.
Output (STDERR): ***NONE***

About to remove file (cydrasil-3-ssu-align/ssutmp6erraa3821) with perl's unlink function ... done.

About to remove file (cydrasil-3-ssu-align/cydrasil-3-ssu-align.3/cydrasil-3-ssu-align.3.cmsearch) with perl's unlink function ... done.

Executing:      ssu-esl-sfetch --index cydrasil-3-ssu-align/cydrasil-v3-sequence-list.fasta.3 > cydrasil-3-ssu-align/ssutmp7outaa3821  2> cydrasil-3-ssu-align/ssutmp7erraa3821
Returned:       0
Output (STDOUT): 
Creating SSI index for cydrasil-3-ssu-align/cydrasil-v3-sequence-list.fasta.3...    done.
Indexed 222 sequences (222 names).
SSI index written to file cydrasil-3-ssu-align/cydrasil-v3-sequence-list.fasta.3.ssi

Output (STDERR): ***NONE***

About to remove file (cydrasil-3-ssu-align/ssutmp7outaa3821) with perl's unlink function ... done.

About to remove file (cydrasil-3-ssu-align/ssutmp7erraa3821) with perl's unlink function ... done.

Executing:      ssu-esl-sfetch -Cf cydrasil-3-ssu-align/cydrasil-v3-sequence-list.fasta.3 cydrasil-3-ssu-align/cydrasil-3-ssu-align.3/cydrasil-3-ssu-align.3.bacteria.sfetch | ssu-esl-reformat -o cydrasil-3-ssu-align/cydrasil-3-ssu-align.3/cydrasil-3-ssu-align.3.bacteria.fa --informat fasta -r fasta - > cydrasil-3-ssu-align/ssutmp8outaa3821  2> cydrasil-3-ssu-align/ssutmp8erraa3821
Returned:       0
Output (STDOUT): ***NONE***
Output (STDERR): ***NONE***

About to remove file (cydrasil-3-ssu-align/ssutmp8outaa3821) with perl's unlink function ... done.

About to remove file (cydrasil-3-ssu-align/ssutmp8erraa3821) with perl's unlink function ... done.

About to remove file (cydrasil-3-ssu-align/cydrasil-3-ssu-align.3/cydrasil-3-ssu-align.3.bacteria.sfetch) with perl's unlink function ... done.

Executing:      ssu-cmalign --cm-name bacteria --mxsize 4096 --no-null3 --sub --ifile cydrasil-3-ssu-align/cydrasil-3-ssu-align.3/cydrasil-3-ssu-align.3.bacteria.ifile -o cydrasil-3-ssu-align/cydrasil-3-ssu-align.3/cydrasil-3-ssu-align.3.bacteria.stk /usr/local/share/ssu-align-0.1.1/ssu-align-0p1.cm cydrasil-3-ssu-align/cydrasil-3-ssu-align.3/cydrasil-3-ssu-align.3.bacteria.fa > cydrasil-3-ssu-align/cydrasil-3-ssu-align.3/cydrasil-3-ssu-align.3.bacteria.cmalign  2> cydrasil-3-ssu-align/ssutmp9erraa3821
Returned:       0
Output (STDOUT) saved in file cydrasil-3-ssu-align/cydrasil-3-ssu-align.3/cydrasil-3-ssu-align.3.bacteria.cmalign.
Output (STDERR): ***NONE***

About to remove file (cydrasil-3-ssu-align/ssutmp9erraa3821) with perl's unlink function ... done.

About to remove file (cydrasil-3-ssu-align/cydrasil-3-ssu-align.3/cydrasil-3-ssu-align.3.nomatch) with perl's unlink function ... done.

About to remove file (cydrasil-3-ssu-align/cydrasil-v3-sequence-list.fasta.3.ssi) with perl's unlink function ... done.

Fri May 28 22:07:12 MST 2021
Linux Wednesday 4.19.84-microsoft-standard #1 SMP Wed Nov 13 11:44:37 UTC 2019 x86_64 x86_64 x86_64 GNU/Linux
# ssu-align :: align SSU rRNA sequences
# SSU-ALIGN 0.1.1 (Feb 2016)
# Copyright (C) 2016 Howard Hughes Medical Institute
# Freely distributed under the BSD open source license.
# - - - - - - - - - - - - - - - - - - - - - - - - - - - - - - - - - - - -
# command: ssu-align cydrasil-3-ssu-align/cydrasil-v3-sequence-list.fasta.4 cydrasil-3-ssu-align/cydrasil-3-ssu-align.4
# date:    Fri May 28 22:04:57 2021

Printing global hask key as read from ssu.pm:

Global hash key: DF_ALIMASK_PFRACT    value: 0.95
Global hash key: DF_ALIMASK_PTHRESH   value: 0.95
Global hash key: DF_CMALIGN_OPTS      value:  --no-null3 --sub 
Global hash key: DF_CMBUILD_GAPTHRESH value: 0.8
Global hash key: DF_CMSEARCH_ALG_FLAG value:  --viterbi
Global hash key: DF_CMSEARCH_OPTS     value:  --hmm-cW 1.5 --no-null3 --noalign 
Global hash key: DF_CMSEARCH_T        value: -1
Global hash key: DF_CM_FILE           value: /usr/local/share/ssu-align-0.1.1/ssu-align-0p1.cm
Global hash key: DF_MASK_FILE         value: /usr/local/share/ssu-align-0.1.1/ssu-align-0p1.mask
Global hash key: DF_MERGE_INIT_WAIT_SECS value: 3
Global hash key: DF_MINBIT            value: 50
Global hash key: DF_MINLEN            value: 1
Global hash key: DF_MXSIZE            value: 4096
Global hash key: DF_NO_NAME           value: <NONE>
Global hash key: DF_TEMPLATE_FILE     value: /usr/local/share/ssu-align-0.1.1/ssu-align-0p1.ps
Global hash key: VERSION              value: 0.1
Global hash key: VERSION_PSTR         value: 0p1
Global hash key: cmalign              value: ssu-cmalign
Global hash key: cmbuild              value: ssu-cmbuild
Global hash key: cmsearch             value: ssu-cmsearch
Global hash key: esl-alimanip         value: ssu-esl-alimanip
Global hash key: esl-alimask          value: ssu-esl-alimask
Global hash key: esl-alimerge         value: ssu-esl-alimerge
Global hash key: esl-alistat          value: ssu-esl-alistat
Global hash key: esl-reformat         value: ssu-esl-reformat
Global hash key: esl-seqstat          value: ssu-esl-seqstat
Global hash key: esl-sfetch           value: ssu-esl-sfetch
Global hash key: esl-ssdraw           value: ssu-esl-ssdraw
Global hash key: esl-weight           value: ssu-esl-weight
Global hash key: ps2pdf               value: ps2pdf
Global hash key: ssu-align            value: ssu-align
Global hash key: ssu-merge            value: ssu-merge

Executing:      ssu-esl-seqstat -h > /dev/null  2> cydrasil-3-ssu-align/ssutmp0erraa3822
Returned:       0
Output (STDOUT) sent to /dev/null.
Output (STDERR): ***NONE***

About to remove file (cydrasil-3-ssu-align/ssutmp0erraa3822) with perl's unlink function ... done.

Executing:      ssu-cmsearch -h > /dev/null  2> cydrasil-3-ssu-align/ssutmp1erraa3822
Returned:       0
Output (STDOUT) sent to /dev/null.
Output (STDERR): ***NONE***

About to remove file (cydrasil-3-ssu-align/ssutmp1erraa3822) with perl's unlink function ... done.

Executing:      ssu-esl-sfetch -h > /dev/null  2> cydrasil-3-ssu-align/ssutmp2erraa3822
Returned:       0
Output (STDOUT) sent to /dev/null.
Output (STDERR): ***NONE***

About to remove file (cydrasil-3-ssu-align/ssutmp2erraa3822) with perl's unlink function ... done.

Executing:      ssu-esl-reformat -h > /dev/null  2> cydrasil-3-ssu-align/ssutmp3erraa3822
Returned:       0
Output (STDOUT) sent to /dev/null.
Output (STDERR): ***NONE***

About to remove file (cydrasil-3-ssu-align/ssutmp3erraa3822) with perl's unlink function ... done.

Executing:      ssu-cmalign -h > /dev/null  2> cydrasil-3-ssu-align/ssutmp4erraa3822
Returned:       0
Output (STDOUT) sent to /dev/null.
Output (STDERR): ***NONE***

About to remove file (cydrasil-3-ssu-align/ssutmp4erraa3822) with perl's unlink function ... done.

Executing:      ssu-esl-seqstat --rna -a cydrasil-3-ssu-align/cydrasil-v3-sequence-list.fasta.4 > cydrasil-3-ssu-align/cydrasil-3-ssu-align.4/cydrasil-3-ssu-align.4.seqstat  2> cydrasil-3-ssu-align/ssutmp5erraa3822
Returned:       0
Output (STDOUT) saved in file cydrasil-3-ssu-align/cydrasil-3-ssu-align.4/cydrasil-3-ssu-align.4.seqstat.
Output (STDERR): ***NONE***

About to remove file (cydrasil-3-ssu-align/ssutmp5erraa3822) with perl's unlink function ... done.

About to remove file (cydrasil-3-ssu-align/cydrasil-3-ssu-align.4/cydrasil-3-ssu-align.4.seqstat) with perl's unlink function ... done.

Executing:      ssu-cmsearch --hmm-cW 1.5 --no-null3 --noalign -T -1 --tab cydrasil-3-ssu-align/cydrasil-3-ssu-align.4/cydrasil-3-ssu-align.4.tab --viterbi /usr/local/share/ssu-align-0.1.1/ssu-align-0p1.cm cydrasil-3-ssu-align/cydrasil-v3-sequence-list.fasta.4 > cydrasil-3-ssu-align/cydrasil-3-ssu-align.4/cydrasil-3-ssu-align.4.cmsearch  2> cydrasil-3-ssu-align/ssutmp6erraa3822
Returned:       0
Output (STDOUT) saved in file cydrasil-3-ssu-align/cydrasil-3-ssu-align.4/cydrasil-3-ssu-align.4.cmsearch.
Output (STDERR): ***NONE***

About to remove file (cydrasil-3-ssu-align/ssutmp6erraa3822) with perl's unlink function ... done.

About to remove file (cydrasil-3-ssu-align/cydrasil-3-ssu-align.4/cydrasil-3-ssu-align.4.cmsearch) with perl's unlink function ... done.

Executing:      ssu-esl-sfetch --index cydrasil-3-ssu-align/cydrasil-v3-sequence-list.fasta.4 > cydrasil-3-ssu-align/ssutmp7outaa3822  2> cydrasil-3-ssu-align/ssutmp7erraa3822
Returned:       0
Output (STDOUT): 
Creating SSI index for cydrasil-3-ssu-align/cydrasil-v3-sequence-list.fasta.4...    done.
Indexed 223 sequences (223 names).
SSI index written to file cydrasil-3-ssu-align/cydrasil-v3-sequence-list.fasta.4.ssi

Output (STDERR): ***NONE***

About to remove file (cydrasil-3-ssu-align/ssutmp7outaa3822) with perl's unlink function ... done.

About to remove file (cydrasil-3-ssu-align/ssutmp7erraa3822) with perl's unlink function ... done.

Executing:      ssu-esl-sfetch -Cf cydrasil-3-ssu-align/cydrasil-v3-sequence-list.fasta.4 cydrasil-3-ssu-align/cydrasil-3-ssu-align.4/cydrasil-3-ssu-align.4.bacteria.sfetch | ssu-esl-reformat -o cydrasil-3-ssu-align/cydrasil-3-ssu-align.4/cydrasil-3-ssu-align.4.bacteria.fa --informat fasta -r fasta - > cydrasil-3-ssu-align/ssutmp8outaa3822  2> cydrasil-3-ssu-align/ssutmp8erraa3822
Returned:       0
Output (STDOUT): ***NONE***
Output (STDERR): ***NONE***

About to remove file (cydrasil-3-ssu-align/ssutmp8outaa3822) with perl's unlink function ... done.

About to remove file (cydrasil-3-ssu-align/ssutmp8erraa3822) with perl's unlink function ... done.

About to remove file (cydrasil-3-ssu-align/cydrasil-3-ssu-align.4/cydrasil-3-ssu-align.4.bacteria.sfetch) with perl's unlink function ... done.

Executing:      ssu-cmalign --cm-name bacteria --mxsize 4096 --no-null3 --sub --ifile cydrasil-3-ssu-align/cydrasil-3-ssu-align.4/cydrasil-3-ssu-align.4.bacteria.ifile -o cydrasil-3-ssu-align/cydrasil-3-ssu-align.4/cydrasil-3-ssu-align.4.bacteria.stk /usr/local/share/ssu-align-0.1.1/ssu-align-0p1.cm cydrasil-3-ssu-align/cydrasil-3-ssu-align.4/cydrasil-3-ssu-align.4.bacteria.fa > cydrasil-3-ssu-align/cydrasil-3-ssu-align.4/cydrasil-3-ssu-align.4.bacteria.cmalign  2> cydrasil-3-ssu-align/ssutmp9erraa3822
Returned:       0
Output (STDOUT) saved in file cydrasil-3-ssu-align/cydrasil-3-ssu-align.4/cydrasil-3-ssu-align.4.bacteria.cmalign.
Output (STDERR): ***NONE***

About to remove file (cydrasil-3-ssu-align/ssutmp9erraa3822) with perl's unlink function ... done.

About to remove file (cydrasil-3-ssu-align/cydrasil-3-ssu-align.4/cydrasil-3-ssu-align.4.nomatch) with perl's unlink function ... done.

About to remove file (cydrasil-3-ssu-align/cydrasil-v3-sequence-list.fasta.4.ssi) with perl's unlink function ... done.

Fri May 28 22:07:11 MST 2021
Linux Wednesday 4.19.84-microsoft-standard #1 SMP Wed Nov 13 11:44:37 UTC 2019 x86_64 x86_64 x86_64 GNU/Linux
# ssu-align :: align SSU rRNA sequences
# SSU-ALIGN 0.1.1 (Feb 2016)
# Copyright (C) 2016 Howard Hughes Medical Institute
# Freely distributed under the BSD open source license.
# - - - - - - - - - - - - - - - - - - - - - - - - - - - - - - - - - - - -
# command: ssu-align cydrasil-3-ssu-align/cydrasil-v3-sequence-list.fasta.5 cydrasil-3-ssu-align/cydrasil-3-ssu-align.5
# date:    Fri May 28 22:04:57 2021

Printing global hask key as read from ssu.pm:

Global hash key: DF_ALIMASK_PFRACT    value: 0.95
Global hash key: DF_ALIMASK_PTHRESH   value: 0.95
Global hash key: DF_CMALIGN_OPTS      value:  --no-null3 --sub 
Global hash key: DF_CMBUILD_GAPTHRESH value: 0.8
Global hash key: DF_CMSEARCH_ALG_FLAG value:  --viterbi
Global hash key: DF_CMSEARCH_OPTS     value:  --hmm-cW 1.5 --no-null3 --noalign 
Global hash key: DF_CMSEARCH_T        value: -1
Global hash key: DF_CM_FILE           value: /usr/local/share/ssu-align-0.1.1/ssu-align-0p1.cm
Global hash key: DF_MASK_FILE         value: /usr/local/share/ssu-align-0.1.1/ssu-align-0p1.mask
Global hash key: DF_MERGE_INIT_WAIT_SECS value: 3
Global hash key: DF_MINBIT            value: 50
Global hash key: DF_MINLEN            value: 1
Global hash key: DF_MXSIZE            value: 4096
Global hash key: DF_NO_NAME           value: <NONE>
Global hash key: DF_TEMPLATE_FILE     value: /usr/local/share/ssu-align-0.1.1/ssu-align-0p1.ps
Global hash key: VERSION              value: 0.1
Global hash key: VERSION_PSTR         value: 0p1
Global hash key: cmalign              value: ssu-cmalign
Global hash key: cmbuild              value: ssu-cmbuild
Global hash key: cmsearch             value: ssu-cmsearch
Global hash key: esl-alimanip         value: ssu-esl-alimanip
Global hash key: esl-alimask          value: ssu-esl-alimask
Global hash key: esl-alimerge         value: ssu-esl-alimerge
Global hash key: esl-alistat          value: ssu-esl-alistat
Global hash key: esl-reformat         value: ssu-esl-reformat
Global hash key: esl-seqstat          value: ssu-esl-seqstat
Global hash key: esl-sfetch           value: ssu-esl-sfetch
Global hash key: esl-ssdraw           value: ssu-esl-ssdraw
Global hash key: esl-weight           value: ssu-esl-weight
Global hash key: ps2pdf               value: ps2pdf
Global hash key: ssu-align            value: ssu-align
Global hash key: ssu-merge            value: ssu-merge

Executing:      ssu-esl-seqstat -h > /dev/null  2> cydrasil-3-ssu-align/ssutmp0erraa3823
Returned:       0
Output (STDOUT) sent to /dev/null.
Output (STDERR): ***NONE***

About to remove file (cydrasil-3-ssu-align/ssutmp0erraa3823) with perl's unlink function ... done.

Executing:      ssu-cmsearch -h > /dev/null  2> cydrasil-3-ssu-align/ssutmp1erraa3823
Returned:       0
Output (STDOUT) sent to /dev/null.
Output (STDERR): ***NONE***

About to remove file (cydrasil-3-ssu-align/ssutmp1erraa3823) with perl's unlink function ... done.

Executing:      ssu-esl-sfetch -h > /dev/null  2> cydrasil-3-ssu-align/ssutmp2erraa3823
Returned:       0
Output (STDOUT) sent to /dev/null.
Output (STDERR): ***NONE***

About to remove file (cydrasil-3-ssu-align/ssutmp2erraa3823) with perl's unlink function ... done.

Executing:      ssu-esl-reformat -h > /dev/null  2> cydrasil-3-ssu-align/ssutmp3erraa3823
Returned:       0
Output (STDOUT) sent to /dev/null.
Output (STDERR): ***NONE***

About to remove file (cydrasil-3-ssu-align/ssutmp3erraa3823) with perl's unlink function ... done.

Executing:      ssu-cmalign -h > /dev/null  2> cydrasil-3-ssu-align/ssutmp4erraa3823
Returned:       0
Output (STDOUT) sent to /dev/null.
Output (STDERR): ***NONE***

About to remove file (cydrasil-3-ssu-align/ssutmp4erraa3823) with perl's unlink function ... done.

Executing:      ssu-esl-seqstat --rna -a cydrasil-3-ssu-align/cydrasil-v3-sequence-list.fasta.5 > cydrasil-3-ssu-align/cydrasil-3-ssu-align.5/cydrasil-3-ssu-align.5.seqstat  2> cydrasil-3-ssu-align/ssutmp5erraa3823
Returned:       0
Output (STDOUT) saved in file cydrasil-3-ssu-align/cydrasil-3-ssu-align.5/cydrasil-3-ssu-align.5.seqstat.
Output (STDERR): ***NONE***

About to remove file (cydrasil-3-ssu-align/ssutmp5erraa3823) with perl's unlink function ... done.

About to remove file (cydrasil-3-ssu-align/cydrasil-3-ssu-align.5/cydrasil-3-ssu-align.5.seqstat) with perl's unlink function ... done.

Executing:      ssu-cmsearch --hmm-cW 1.5 --no-null3 --noalign -T -1 --tab cydrasil-3-ssu-align/cydrasil-3-ssu-align.5/cydrasil-3-ssu-align.5.tab --viterbi /usr/local/share/ssu-align-0.1.1/ssu-align-0p1.cm cydrasil-3-ssu-align/cydrasil-v3-sequence-list.fasta.5 > cydrasil-3-ssu-align/cydrasil-3-ssu-align.5/cydrasil-3-ssu-align.5.cmsearch  2> cydrasil-3-ssu-align/ssutmp6erraa3823
Returned:       0
Output (STDOUT) saved in file cydrasil-3-ssu-align/cydrasil-3-ssu-align.5/cydrasil-3-ssu-align.5.cmsearch.
Output (STDERR): ***NONE***

About to remove file (cydrasil-3-ssu-align/ssutmp6erraa3823) with perl's unlink function ... done.

About to remove file (cydrasil-3-ssu-align/cydrasil-3-ssu-align.5/cydrasil-3-ssu-align.5.cmsearch) with perl's unlink function ... done.

Executing:      ssu-esl-sfetch --index cydrasil-3-ssu-align/cydrasil-v3-sequence-list.fasta.5 > cydrasil-3-ssu-align/ssutmp7outaa3823  2> cydrasil-3-ssu-align/ssutmp7erraa3823
Returned:       0
Output (STDOUT): 
Creating SSI index for cydrasil-3-ssu-align/cydrasil-v3-sequence-list.fasta.5...    done.
Indexed 218 sequences (218 names).
SSI index written to file cydrasil-3-ssu-align/cydrasil-v3-sequence-list.fasta.5.ssi

Output (STDERR): ***NONE***

About to remove file (cydrasil-3-ssu-align/ssutmp7outaa3823) with perl's unlink function ... done.

About to remove file (cydrasil-3-ssu-align/ssutmp7erraa3823) with perl's unlink function ... done.

Executing:      ssu-esl-sfetch -Cf cydrasil-3-ssu-align/cydrasil-v3-sequence-list.fasta.5 cydrasil-3-ssu-align/cydrasil-3-ssu-align.5/cydrasil-3-ssu-align.5.bacteria.sfetch | ssu-esl-reformat -o cydrasil-3-ssu-align/cydrasil-3-ssu-align.5/cydrasil-3-ssu-align.5.bacteria.fa --informat fasta -r fasta - > cydrasil-3-ssu-align/ssutmp8outaa3823  2> cydrasil-3-ssu-align/ssutmp8erraa3823
Returned:       0
Output (STDOUT): ***NONE***
Output (STDERR): ***NONE***

About to remove file (cydrasil-3-ssu-align/ssutmp8outaa3823) with perl's unlink function ... done.

About to remove file (cydrasil-3-ssu-align/ssutmp8erraa3823) with perl's unlink function ... done.

About to remove file (cydrasil-3-ssu-align/cydrasil-3-ssu-align.5/cydrasil-3-ssu-align.5.bacteria.sfetch) with perl's unlink function ... done.

Executing:      ssu-cmalign --cm-name bacteria --mxsize 4096 --no-null3 --sub --ifile cydrasil-3-ssu-align/cydrasil-3-ssu-align.5/cydrasil-3-ssu-align.5.bacteria.ifile -o cydrasil-3-ssu-align/cydrasil-3-ssu-align.5/cydrasil-3-ssu-align.5.bacteria.stk /usr/local/share/ssu-align-0.1.1/ssu-align-0p1.cm cydrasil-3-ssu-align/cydrasil-3-ssu-align.5/cydrasil-3-ssu-align.5.bacteria.fa > cydrasil-3-ssu-align/cydrasil-3-ssu-align.5/cydrasil-3-ssu-align.5.bacteria.cmalign  2> cydrasil-3-ssu-align/ssutmp9erraa3823
Returned:       0
Output (STDOUT) saved in file cydrasil-3-ssu-align/cydrasil-3-ssu-align.5/cydrasil-3-ssu-align.5.bacteria.cmalign.
Output (STDERR): ***NONE***

About to remove file (cydrasil-3-ssu-align/ssutmp9erraa3823) with perl's unlink function ... done.

About to remove file (cydrasil-3-ssu-align/cydrasil-3-ssu-align.5/cydrasil-3-ssu-align.5.nomatch) with perl's unlink function ... done.

About to remove file (cydrasil-3-ssu-align/cydrasil-v3-sequence-list.fasta.5.ssi) with perl's unlink function ... done.

Fri May 28 22:07:11 MST 2021
Linux Wednesday 4.19.84-microsoft-standard #1 SMP Wed Nov 13 11:44:37 UTC 2019 x86_64 x86_64 x86_64 GNU/Linux
# ssu-align :: align SSU rRNA sequences
# SSU-ALIGN 0.1.1 (Feb 2016)
# Copyright (C) 2016 Howard Hughes Medical Institute
# Freely distributed under the BSD open source license.
# - - - - - - - - - - - - - - - - - - - - - - - - - - - - - - - - - - - -
# command: ssu-align --merge 6 cydrasil-3-ssu-align/cydrasil-v3-sequence-list.fasta.6 cydrasil-3-ssu-align/cydrasil-3-ssu-align.6
# date:    Fri May 28 22:04:57 2021

Printing global hask key as read from ssu.pm:

Global hash key: DF_ALIMASK_PFRACT    value: 0.95
Global hash key: DF_ALIMASK_PTHRESH   value: 0.95
Global hash key: DF_CMALIGN_OPTS      value:  --no-null3 --sub 
Global hash key: DF_CMBUILD_GAPTHRESH value: 0.8
Global hash key: DF_CMSEARCH_ALG_FLAG value:  --viterbi
Global hash key: DF_CMSEARCH_OPTS     value:  --hmm-cW 1.5 --no-null3 --noalign 
Global hash key: DF_CMSEARCH_T        value: -1
Global hash key: DF_CM_FILE           value: /usr/local/share/ssu-align-0.1.1/ssu-align-0p1.cm
Global hash key: DF_MASK_FILE         value: /usr/local/share/ssu-align-0.1.1/ssu-align-0p1.mask
Global hash key: DF_MERGE_INIT_WAIT_SECS value: 3
Global hash key: DF_MINBIT            value: 50
Global hash key: DF_MINLEN            value: 1
Global hash key: DF_MXSIZE            value: 4096
Global hash key: DF_NO_NAME           value: <NONE>
Global hash key: DF_TEMPLATE_FILE     value: /usr/local/share/ssu-align-0.1.1/ssu-align-0p1.ps
Global hash key: VERSION              value: 0.1
Global hash key: VERSION_PSTR         value: 0p1
Global hash key: cmalign              value: ssu-cmalign
Global hash key: cmbuild              value: ssu-cmbuild
Global hash key: cmsearch             value: ssu-cmsearch
Global hash key: esl-alimanip         value: ssu-esl-alimanip
Global hash key: esl-alimask          value: ssu-esl-alimask
Global hash key: esl-alimerge         value: ssu-esl-alimerge
Global hash key: esl-alistat          value: ssu-esl-alistat
Global hash key: esl-reformat         value: ssu-esl-reformat
Global hash key: esl-seqstat          value: ssu-esl-seqstat
Global hash key: esl-sfetch           value: ssu-esl-sfetch
Global hash key: esl-ssdraw           value: ssu-esl-ssdraw
Global hash key: esl-weight           value: ssu-esl-weight
Global hash key: ps2pdf               value: ps2pdf
Global hash key: ssu-align            value: ssu-align
Global hash key: ssu-merge            value: ssu-merge

Executing:      ssu-esl-seqstat -h > /dev/null  2> cydrasil-3-ssu-align/ssutmp0erraa3824
Returned:       0
Output (STDOUT) sent to /dev/null.
Output (STDERR): ***NONE***

About to remove file (cydrasil-3-ssu-align/ssutmp0erraa3824) with perl's unlink function ... done.

Executing:      ssu-cmsearch -h > /dev/null  2> cydrasil-3-ssu-align/ssutmp1erraa3824
Returned:       0
Output (STDOUT) sent to /dev/null.
Output (STDERR): ***NONE***

About to remove file (cydrasil-3-ssu-align/ssutmp1erraa3824) with perl's unlink function ... done.

Executing:      ssu-esl-sfetch -h > /dev/null  2> cydrasil-3-ssu-align/ssutmp2erraa3824
Returned:       0
Output (STDOUT) sent to /dev/null.
Output (STDERR): ***NONE***

About to remove file (cydrasil-3-ssu-align/ssutmp2erraa3824) with perl's unlink function ... done.

Executing:      ssu-esl-reformat -h > /dev/null  2> cydrasil-3-ssu-align/ssutmp3erraa3824
Returned:       0
Output (STDOUT) sent to /dev/null.
Output (STDERR): ***NONE***

About to remove file (cydrasil-3-ssu-align/ssutmp3erraa3824) with perl's unlink function ... done.

Executing:      ssu-cmalign -h > /dev/null  2> cydrasil-3-ssu-align/ssutmp4erraa3824
Returned:       0
Output (STDOUT) sent to /dev/null.
Output (STDERR): ***NONE***

About to remove file (cydrasil-3-ssu-align/ssutmp4erraa3824) with perl's unlink function ... done.

Executing:      ssu-merge -h > /dev/null  2> cydrasil-3-ssu-align/ssutmp5erraa3824
Returned:       0
Output (STDOUT) sent to /dev/null.
Output (STDERR): ***NONE***

About to remove file (cydrasil-3-ssu-align/ssutmp5erraa3824) with perl's unlink function ... done.

Executing:      ssu-esl-seqstat --rna -a cydrasil-3-ssu-align/cydrasil-v3-sequence-list.fasta.6 > cydrasil-3-ssu-align/cydrasil-3-ssu-align.6/cydrasil-3-ssu-align.6.seqstat  2> cydrasil-3-ssu-align/ssutmp6erraa3824
Returned:       0
Output (STDOUT) saved in file cydrasil-3-ssu-align/cydrasil-3-ssu-align.6/cydrasil-3-ssu-align.6.seqstat.
Output (STDERR): ***NONE***

About to remove file (cydrasil-3-ssu-align/ssutmp6erraa3824) with perl's unlink function ... done.

About to remove file (cydrasil-3-ssu-align/cydrasil-3-ssu-align.6/cydrasil-3-ssu-align.6.seqstat) with perl's unlink function ... done.

Executing:      ssu-cmsearch --hmm-cW 1.5 --no-null3 --noalign -T -1 --tab cydrasil-3-ssu-align/cydrasil-3-ssu-align.6/cydrasil-3-ssu-align.6.tab --viterbi /usr/local/share/ssu-align-0.1.1/ssu-align-0p1.cm cydrasil-3-ssu-align/cydrasil-v3-sequence-list.fasta.6 > cydrasil-3-ssu-align/cydrasil-3-ssu-align.6/cydrasil-3-ssu-align.6.cmsearch  2> cydrasil-3-ssu-align/ssutmp7erraa3824
Returned:       0
Output (STDOUT) saved in file cydrasil-3-ssu-align/cydrasil-3-ssu-align.6/cydrasil-3-ssu-align.6.cmsearch.
Output (STDERR): ***NONE***

About to remove file (cydrasil-3-ssu-align/ssutmp7erraa3824) with perl's unlink function ... done.

About to remove file (cydrasil-3-ssu-align/cydrasil-3-ssu-align.6/cydrasil-3-ssu-align.6.cmsearch) with perl's unlink function ... done.

Executing:      ssu-esl-sfetch --index cydrasil-3-ssu-align/cydrasil-v3-sequence-list.fasta.6 > cydrasil-3-ssu-align/ssutmp8outaa3824  2> cydrasil-3-ssu-align/ssutmp8erraa3824
Returned:       0
Output (STDOUT): 
Creating SSI index for cydrasil-3-ssu-align/cydrasil-v3-sequence-list.fasta.6...    done.
Indexed 225 sequences (225 names).
SSI index written to file cydrasil-3-ssu-align/cydrasil-v3-sequence-list.fasta.6.ssi

Output (STDERR): ***NONE***

About to remove file (cydrasil-3-ssu-align/ssutmp8outaa3824) with perl's unlink function ... done.

About to remove file (cydrasil-3-ssu-align/ssutmp8erraa3824) with perl's unlink function ... done.

Executing:      ssu-esl-sfetch -Cf cydrasil-3-ssu-align/cydrasil-v3-sequence-list.fasta.6 cydrasil-3-ssu-align/cydrasil-3-ssu-align.6/cydrasil-3-ssu-align.6.bacteria.sfetch | ssu-esl-reformat -o cydrasil-3-ssu-align/cydrasil-3-ssu-align.6/cydrasil-3-ssu-align.6.bacteria.fa --informat fasta -r fasta - > cydrasil-3-ssu-align/ssutmp9outaa3824  2> cydrasil-3-ssu-align/ssutmp9erraa3824
Returned:       0
Output (STDOUT): ***NONE***
Output (STDERR): ***NONE***

About to remove file (cydrasil-3-ssu-align/ssutmp9outaa3824) with perl's unlink function ... done.

About to remove file (cydrasil-3-ssu-align/ssutmp9erraa3824) with perl's unlink function ... done.

About to remove file (cydrasil-3-ssu-align/cydrasil-3-ssu-align.6/cydrasil-3-ssu-align.6.bacteria.sfetch) with perl's unlink function ... done.

Executing:      ssu-cmalign --cm-name bacteria --mxsize 4096 --no-null3 --sub --ifile cydrasil-3-ssu-align/cydrasil-3-ssu-align.6/cydrasil-3-ssu-align.6.bacteria.ifile -o cydrasil-3-ssu-align/cydrasil-3-ssu-align.6/cydrasil-3-ssu-align.6.bacteria.stk /usr/local/share/ssu-align-0.1.1/ssu-align-0p1.cm cydrasil-3-ssu-align/cydrasil-3-ssu-align.6/cydrasil-3-ssu-align.6.bacteria.fa > cydrasil-3-ssu-align/cydrasil-3-ssu-align.6/cydrasil-3-ssu-align.6.bacteria.cmalign  2> cydrasil-3-ssu-align/ssutmp10erraa3824
Returned:       0
Output (STDOUT) saved in file cydrasil-3-ssu-align/cydrasil-3-ssu-align.6/cydrasil-3-ssu-align.6.bacteria.cmalign.
Output (STDERR): ***NONE***

About to remove file (cydrasil-3-ssu-align/ssutmp10erraa3824) with perl's unlink function ... done.

About to remove file (cydrasil-3-ssu-align/cydrasil-3-ssu-align.6/cydrasil-3-ssu-align.6.nomatch) with perl's unlink function ... done.

About to remove file (cydrasil-3-ssu-align/cydrasil-v3-sequence-list.fasta.6.ssi) with perl's unlink function ... done.

Fri May 28 22:07:11 MST 2021
Linux Wednesday 4.19.84-microsoft-standard #1 SMP Wed Nov 13 11:44:37 UTC 2019 x86_64 x86_64 x86_64 GNU/Linux
################################################################################
#
# Alignments successfully created.
#
# Checking/waiting for other jobs to finish before merging...
#
# Alignments successfully created.
#
# Checking/waiting for other jobs to finish before merging...
#
# Job 4 (dir: cydrasil-3-ssu-align/cydrasil-3-ssu-align.4) completed successfully! 5/6 still incomplete.
# Job 6 (dir: cydrasil-3-ssu-align/cydrasil-3-ssu-align.6) completed successfully! 4/6 still incomplete.
# Job 2 (dir: cydrasil-3-ssu-align/cydrasil-3-ssu-align.2) completed successfully! 3/6 still incomplete.
# Job 3 (dir: cydrasil-3-ssu-align/cydrasil-3-ssu-align.3) completed successfully! 2/6 still incomplete.
# Job 5 (dir: cydrasil-3-ssu-align/cydrasil-3-ssu-align.5) completed successfully! 1/6 still incomplete.
# Job 1 (dir: cydrasil-3-ssu-align/cydrasil-3-ssu-align.1) completed successfully! 0/6 still incomplete.
#
# All 6 jobs successfully completed.
# About to merge their output:
#
# Executing:  ssu-merge cydrasil-3-ssu-align
#
################################################################################
#
