# ssu-prep :: prepare SSU rRNA sequences for parallel ssu-align jobs
# SSU-ALIGN 0.1.1 (Feb 2016)
# Copyright (C) 2016 Howard Hughes Medical Institute
# Freely distributed under the BSD open source license.
# - - - - - - - - - - - - - - - - - - - - - - - - - - - - - - - - - - - -
# command: ssu-prep -x cydrasil-v3-sequence-list.fasta cydrasil-3-ssu-align 6
# date:    Fri May 28 22:04:36 2021

Printing global hask key as read from ssu.pm:

Global hash key: DF_ALIMASK_PFRACT    value: 0.95
Global hash key: DF_ALIMASK_PTHRESH   value: 0.95
Global hash key: DF_CMALIGN_OPTS      value:  --no-null3 --sub 
Global hash key: DF_CMBUILD_GAPTHRESH value: 0.8
Global hash key: DF_CMSEARCH_ALG_FLAG value:  --viterbi
Global hash key: DF_CMSEARCH_OPTS     value:  --hmm-cW 1.5 --no-null3 --noalign 
Global hash key: DF_CMSEARCH_T        value: -1
Global hash key: DF_CM_FILE           value: /usr/local/share/ssu-align-0.1.1/ssu-align-0p1.cm
Global hash key: DF_MASK_FILE         value: /usr/local/share/ssu-align-0.1.1/ssu-align-0p1.mask
Global hash key: DF_MERGE_INIT_WAIT_SECS value: 3
Global hash key: DF_MINBIT            value: 50
Global hash key: DF_MINLEN            value: 1
Global hash key: DF_MXSIZE            value: 4096
Global hash key: DF_NO_NAME           value: <NONE>
Global hash key: DF_TEMPLATE_FILE     value: /usr/local/share/ssu-align-0.1.1/ssu-align-0p1.ps
Global hash key: VERSION              value: 0.1
Global hash key: VERSION_PSTR         value: 0p1
Global hash key: cmalign              value: ssu-cmalign
Global hash key: cmbuild              value: ssu-cmbuild
Global hash key: cmsearch             value: ssu-cmsearch
Global hash key: esl-alimanip         value: ssu-esl-alimanip
Global hash key: esl-alimask          value: ssu-esl-alimask
Global hash key: esl-alimerge         value: ssu-esl-alimerge
Global hash key: esl-alistat          value: ssu-esl-alistat
Global hash key: esl-reformat         value: ssu-esl-reformat
Global hash key: esl-seqstat          value: ssu-esl-seqstat
Global hash key: esl-sfetch           value: ssu-esl-sfetch
Global hash key: esl-ssdraw           value: ssu-esl-ssdraw
Global hash key: esl-weight           value: ssu-esl-weight
Global hash key: ps2pdf               value: ps2pdf
Global hash key: ssu-align            value: ssu-align
Global hash key: ssu-merge            value: ssu-merge

Executing:      ssu-esl-seqstat -h > /dev/null  2> cydrasil-3-ssu-align/ssutmp0erraa3783
Returned:       0
Output (STDOUT) sent to /dev/null.
Output (STDERR): ***NONE***

About to remove file (cydrasil-3-ssu-align/ssutmp0erraa3783) with perl's unlink function ... done.

Executing:      ssu-cmsearch -h > /dev/null  2> cydrasil-3-ssu-align/ssutmp1erraa3783
Returned:       0
Output (STDOUT) sent to /dev/null.
Output (STDERR): ***NONE***

About to remove file (cydrasil-3-ssu-align/ssutmp1erraa3783) with perl's unlink function ... done.

Executing:      ssu-esl-sfetch -h > /dev/null  2> cydrasil-3-ssu-align/ssutmp2erraa3783
Returned:       0
Output (STDOUT) sent to /dev/null.
Output (STDERR): ***NONE***

About to remove file (cydrasil-3-ssu-align/ssutmp2erraa3783) with perl's unlink function ... done.

Executing:      ssu-esl-reformat -h > /dev/null  2> cydrasil-3-ssu-align/ssutmp3erraa3783
Returned:       0
Output (STDOUT) sent to /dev/null.
Output (STDERR): ***NONE***

About to remove file (cydrasil-3-ssu-align/ssutmp3erraa3783) with perl's unlink function ... done.

Executing:      ssu-cmalign -h > /dev/null  2> cydrasil-3-ssu-align/ssutmp4erraa3783
Returned:       0
Output (STDOUT) sent to /dev/null.
Output (STDERR): ***NONE***

About to remove file (cydrasil-3-ssu-align/ssutmp4erraa3783) with perl's unlink function ... done.

Executing:      ssu-align -h > /dev/null  2> cydrasil-3-ssu-align/ssutmp5erraa3783
Returned:       0
Output (STDOUT) sent to /dev/null.
Output (STDERR): ***NONE***

About to remove file (cydrasil-3-ssu-align/ssutmp5erraa3783) with perl's unlink function ... done.

Executing:      ssu-esl-seqstat --rna -a cydrasil-v3-sequence-list.fasta > cydrasil-3-ssu-align/cydrasil-3-ssu-align.seqstat  2> cydrasil-3-ssu-align/ssutmp6erraa3783
Returned:       0
Output (STDOUT) saved in file cydrasil-3-ssu-align/cydrasil-3-ssu-align.seqstat.
Output (STDERR): ***NONE***

About to remove file (cydrasil-3-ssu-align/ssutmp6erraa3783) with perl's unlink function ... done.

About to remove file (cydrasil-3-ssu-align/cydrasil-3-ssu-align.seqstat) with perl's unlink function ... done.

Fri May 28 22:04:36 MST 2021
Linux Wednesday 4.19.84-microsoft-standard #1 SMP Wed Nov 13 11:44:37 UTC 2019 x86_64 x86_64 x86_64 GNU/Linux
# SSU-ALIGN-SUCCESS
